
**** K A N B A N ****
t - Criar tarefa
l - Mostrar tarefas
n - Avancar tempo
u - Gerir utilizadores
m - Mover tarefa
d - Mostrar tarefas na atividade
a - Gerir atividades
q - Sair
************************
2
Duration: 234, Description: ola
ola
task 1
**** K A N B A N ****
t - Criar tarefa
l - Mostrar tarefas
n - Avancar tempo
u - Gerir utilizadores
m - Mover tarefa
d - Mostrar tarefas na atividade
a - Gerir atividades
q - Sair
************************
2
Duration: 234, Description: olaa
olaa
task 2
**** K A N B A N ****
t - Criar tarefa
l - Mostrar tarefas
n - Avancar tempo
u - Gerir utilizadores
m - Mover tarefa
d - Mostrar tarefas na atividade
a - Gerir atividades
q - Sair
************************
2
Duration: 234, Description: olaaa
olaaa
task 3
**** K A N B A N ****
t - Criar tarefa
l - Mostrar tarefas
n - Avancar tempo
u - Gerir utilizadores
m - Mover tarefa
d - Mostrar tarefas na atividade
a - Gerir atividades
q - Sair
************************
2
Duration: 234, Description: olaaaa
olaaaa
task 4
**** K A N B A N ****
t - Criar tarefa
l - Mostrar tarefas
n - Avancar tempo
u - Gerir utilizadores
m - Mover tarefa
d - Mostrar tarefas na atividade
a - Gerir atividades
q - Sair
************************
2
Duration: 234, Description: olaaaaa
olaaaaa
task 5
**** K A N B A N ****
t - Criar tarefa
l - Mostrar tarefas
n - Avancar tempo
u - Gerir utilizadores
m - Mover tarefa
d - Mostrar tarefas na atividade
a - Gerir atividades
q - Sair
************************
2
Duration: 234, Description: olaaaaaa
olaaaaaa
task 6
**** K A N B A N ****
t - Criar tarefa
l - Mostrar tarefas
n - Avancar tempo
u - Gerir utilizadores
m - Mover tarefa
d - Mostrar tarefas na atividade
a - Gerir atividades
q - Sair
************************
2
Duration: 234, Description: olaaaaaaa
olaaaaaaa
task 7
**** K A N B A N ****
t - Criar tarefa
l - Mostrar tarefas
n - Avancar tempo
u - Gerir utilizadores
m - Mover tarefa
d - Mostrar tarefas na atividade
a - Gerir atividades
q - Sair
************************
2
Duration: 234, Description: olaaaaaaaa
olaaaaaaaa
task 8
**** K A N B A N ****
t - Criar tarefa
l - Mostrar tarefas
n - Avancar tempo
u - Gerir utilizadores
m - Mover tarefa
d - Mostrar tarefas na atividade
a - Gerir atividades
q - Sair
************************
2
Duration: 234, Description: olaaaaaaaaa
olaaaaaaaaa
task 9
**** K A N B A N ****
t - Criar tarefa
l - Mostrar tarefas
n - Avancar tempo
u - Gerir utilizadores
m - Mover tarefa
d - Mostrar tarefas na atividade
a - Gerir atividades
q - Sair
************************
2
Duration: 234, Description: olaaaaaaaaaa
olaaaaaaaaaa
task 10
**** K A N B A N ****
t - Criar tarefa
l - Mostrar tarefas
n - Avancar tempo
u - Gerir utilizadores
m - Mover tarefa
d - Mostrar tarefas na atividade
a - Gerir atividades
q - Sair
************************
2
Duration: 234, Description: olaaaaaaaaaaa
olaaaaaaaaaaa
task 11
**** K A N B A N ****
t - Criar tarefa
l - Mostrar tarefas
n - Avancar tempo
u - Gerir utilizadores
m - Mover tarefa
d - Mostrar tarefas na atividade
a - Gerir atividades
q - Sair
************************
2
Duration: 234, Description: olaaaaaaaaaaaa
olaaaaaaaaaaaa
task 12
**** K A N B A N ****
t - Criar tarefa
l - Mostrar tarefas
n - Avancar tempo
u - Gerir utilizadores
m - Mover tarefa
d - Mostrar tarefas na atividade
a - Gerir atividades
q - Sair
************************
2
Duration: 234, Description: olaaaaaaaaaaaaa
olaaaaaaaaaaaaa
task 13
**** K A N B A N ****
t - Criar tarefa
l - Mostrar tarefas
n - Avancar tempo
u - Gerir utilizadores
m - Mover tarefa
d - Mostrar tarefas na atividade
a - Gerir atividades
q - Sair
************************
2
Duration: 234, Description: olaaaaaaaaaaaaaa
olaaaaaaaaaaaaaa
task 14
**** K A N B A N ****
t - Criar tarefa
l - Mostrar tarefas
n - Avancar tempo
u - Gerir utilizadores
m - Mover tarefa
d - Mostrar tarefas na atividade
a - Gerir atividades
q - Sair
************************
2
Duration: 234, Description: olaaaaaaaaaaaaaaa
olaaaaaaaaaaaaaaa
task 15
**** K A N B A N ****
t - Criar tarefa
l - Mostrar tarefas
n - Avancar tempo
u - Gerir utilizadores
m - Mover tarefa
d - Mostrar tarefas na atividade
a - Gerir atividades
q - Sair
************************
2
Duration: 234, Description: olaaaaaaaaaaaaaaaa
olaaaaaaaaaaaaaaaa
task 16
**** K A N B A N ****
t - Criar tarefa
l - Mostrar tarefas
n - Avancar tempo
u - Gerir utilizadores
m - Mover tarefa
d - Mostrar tarefas na atividade
a - Gerir atividades
q - Sair
************************
2
Duration: 234, Description: olaaaaaaaaaaaaaaaaa
olaaaaaaaaaaaaaaaaa
task 17
**** K A N B A N ****
t - Criar tarefa
l - Mostrar tarefas
n - Avancar tempo
u - Gerir utilizadores
m - Mover tarefa
d - Mostrar tarefas na atividade
a - Gerir atividades
q - Sair
************************
2
Duration: 234, Description: olaaaaaaaaaaaaaaaaaa
olaaaaaaaaaaaaaaaaaa
task 18
**** K A N B A N ****
t - Criar tarefa
l - Mostrar tarefas
n - Avancar tempo
u - Gerir utilizadores
m - Mover tarefa
d - Mostrar tarefas na atividade
a - Gerir atividades
q - Sair
************************
2
Duration: 234, Description: olaaaaaaaaaaaaaaaaaaa
olaaaaaaaaaaaaaaaaaaa
task 19
**** K A N B A N ****
t - Criar tarefa
l - Mostrar tarefas
n - Avancar tempo
u - Gerir utilizadores
m - Mover tarefa
d - Mostrar tarefas na atividade
a - Gerir atividades
q - Sair
************************
2
Duration: 234, Description: olaaaaaaaaaaaaaaaaaaaa
olaaaaaaaaaaaaaaaaaaaa
task 20
**** K A N B A N ****
t - Criar tarefa
l - Mostrar tarefas
n - Avancar tempo
u - Gerir utilizadores
m - Mover tarefa
d - Mostrar tarefas na atividade
a - Gerir atividades
q - Sair
************************
2
Duration: 234, Description: olaaaaaaaaaaaaaaaaaaaaa
too many tasks
**** K A N B A N ****
t - Criar tarefa
l - Mostrar tarefas
n - Avancar tempo
u - Gerir utilizadores
m - Mover tarefa
d - Mostrar tarefas na atividade
a - Gerir atividades
q - Sair
************************
